2024-10-22 10:47:18,216 - INFO - Загрузка списка складов с сервера.
2024-10-22 10:47:18,217 - DEBUG - Starting new HTTPS connection (1): corrywilliams.ru:443
2024-10-22 10:47:18,640 - DEBUG - https://corrywilliams.ru:443 "GET /sklads HTTP/11" 200 81
2024-10-22 10:47:18,644 - INFO - Список складов успешно загружен.
2024-10-22 10:47:33,492 - INFO - Загрузка файла C:/Users/user/Downloads/Telegram Desktop/WB Заказ ВБ 17.10.xlsx на сервер.
2024-10-22 10:47:33,646 - ERROR - Ошибка при загрузке файла: Out of range float values are not JSON compliant: nan
2024-10-22 10:48:44,417 - INFO - Загрузка списка складов с сервера.
2024-10-22 10:48:44,420 - DEBUG - Starting new HTTPS connection (1): corrywilliams.ru:443
2024-10-22 10:48:44,592 - DEBUG - https://corrywilliams.ru:443 "GET /sklads HTTP/11" 200 81
2024-10-22 10:48:44,595 - INFO - Список складов успешно загружен.
2024-10-22 10:48:58,958 - INFO - Загрузка файла C:/Users/user/Downloads/Telegram Desktop/WB Заказ ВБ 17.10.xlsx на сервер.
2024-10-22 10:48:59,160 - DEBUG - Загружается строка 1: {'Артикул': 1017017, 'Артикул Сырья': ' ', 'Номенклатура': 219614722, 'Название товара': 'Наушники Apple EarPods with Remote and Mic (MNHF2ZM/A)', 'ШК': '190198107077', 'ШК Сырья': '', 'ШК СПО': '190198107077', 'Кол во сырья': '', 'Итог Заказ': 20, 'СОХ': '0D0', 'тип поставки': 'суперсейф', 'Срок Годности': '', 'Оп 1 бл. 1 шт': '', 'Оп 2 бл.2 шт': '', 'Оп 3 бл.3 шт': '', 'Оп 4 бл.4шт': '', 'Оп 5 бл.5 шт': '', 'Оп 6 блис.6 10шт': '', 'Оп 7 пересчет': 'V', 'Оп 9 фасовка/сборка': 'V', 'Оп 10 Маркировка ШТ': '', 'Оп 11 маркировка пром': '', 'Оп 13 маркировка фабр': 'V', 'Оп 14 ТУ 1шт': '', 'Оп 15 ТУ 2 шт': '', 'Оп 16 ТУ 3 5': '', 'Оп 17 ТУ 6 8': '', 'Оп 468 проверка ШК': 'V', 'Оп 469 Спецификация ТМ': 'V', 'Оп 470 доп упаковка': '', 'Место': '', 'Вложенность ': '', 'Паллет №': '', 'sklad': 'MSC-Yzh-Vorota - Москва'}
2024-10-22 10:48:59,161 - DEBUG - Starting new HTTPS connection (1): corrywilliams.ru:443
2024-10-22 10:48:59,802 - DEBUG - https://corrywilliams.ru:443 "POST /upload-row HTTP/11" 404 None
2024-10-22 10:48:59,805 - ERROR - Ошибка при загрузке файла: 404 Client Error: Not Found for url: https://corrywilliams.ru/upload-row
2024-10-22 10:49:17,838 - INFO - Загрузка списка складов с сервера.
2024-10-22 10:49:17,840 - DEBUG - Starting new HTTPS connection (1): corrywilliams.ru:443
2024-10-22 10:49:18,259 - DEBUG - https://corrywilliams.ru:443 "GET /sklads HTTP/11" 200 81
2024-10-22 10:49:18,259 - INFO - Список складов успешно загружен.
2024-10-22 10:49:36,303 - INFO - Загрузка файла C:/Users/user/Downloads/Telegram Desktop/WB Заказ ВБ 17.10.xlsx на сервер.
2024-10-22 10:49:36,411 - DEBUG - Загружается строка 1: {'Артикул': 1017017, 'Артикул Сырья': ' ', 'Номенклатура': 219614722, 'Название товара': 'Наушники Apple EarPods with Remote and Mic (MNHF2ZM/A)', 'ШК': '190198107077', 'ШК Сырья': '', 'ШК СПО': '190198107077', 'Кол во сырья': '', 'Итог Заказ': 20, 'СОХ': '0D0', 'тип поставки': 'суперсейф', 'Срок Годности': '', 'Оп 1 бл. 1 шт': '', 'Оп 2 бл.2 шт': '', 'Оп 3 бл.3 шт': '', 'Оп 4 бл.4шт': '', 'Оп 5 бл.5 шт': '', 'Оп 6 блис.6 10шт': '', 'Оп 7 пересчет': 'V', 'Оп 9 фасовка/сборка': 'V', 'Оп 10 Маркировка ШТ': '', 'Оп 11 маркировка пром': '', 'Оп 13 маркировка фабр': 'V', 'Оп 14 ТУ 1шт': '', 'Оп 15 ТУ 2 шт': '', 'Оп 16 ТУ 3 5': '', 'Оп 17 ТУ 6 8': '', 'Оп 468 проверка ШК': 'V', 'Оп 469 Спецификация ТМ': 'V', 'Оп 470 доп упаковка': '', 'Место': '', 'Вложенность ': '', 'Паллет №': '', 'sklad': 'MSC-Yzh-Vorota - Москва'}
2024-10-22 10:49:36,412 - DEBUG - Starting new HTTPS connection (1): corrywilliams.ru:443
2024-10-22 10:49:36,982 - DEBUG - https://corrywilliams.ru:443 "POST /upload HTTP/11" 500 62
2024-10-22 10:49:36,985 - ERROR - Ошибка при загрузке файла: 500 Server Error: Internal Server Error for url: https://corrywilliams.ru/upload
2024-10-22 10:53:47,224 - INFO - Загрузка списка складов с сервера.
2024-10-22 10:53:47,226 - DEBUG - Starting new HTTPS connection (1): corrywilliams.ru:443
2024-10-22 10:53:47,764 - DEBUG - https://corrywilliams.ru:443 "GET /sklads HTTP/11" 200 81
2024-10-22 10:53:47,767 - INFO - Список складов успешно загружен.
2024-10-22 10:54:04,872 - DEBUG - Starting new HTTP connection (1): 127.0.0.1:12334
2024-10-22 10:54:06,112 - DEBUG - http://127.0.0.1:12334 "POST http://localhost:3005/upload-row HTTP/11" 502 0
2024-10-22 10:54:37,857 - DEBUG - Starting new HTTP connection (1): 127.0.0.1:12334
2024-10-22 10:54:39,354 - DEBUG - http://127.0.0.1:12334 "POST http://localhost:3005/upload-row HTTP/11" 502 0
